<?xml version="1.0" encoding="UTF-8"?>
<testsuite xmlns:xsi="http://www.w3.org/2001/XMLSchema-instance" xsi:noNamespaceSchemaLocation="https://maven.apache.org/surefire/maven-surefire-plugin/xsd/surefire-test-report-3.0.xsd" version="3.0" name="com.bradandmarsha.wisehomeindex.IndexServiceTest" time="0.009" tests="3" errors="0" skipped="0" failures="0">
  <properties>
[...]
</properties>
  <testcase name="filteringPreservesSourceOrder" classname="com.bradandmarsha.wisehomeindex.IndexServiceTest" time="0.002"/>
  <testcase name="privateScopeShowsEverything" classname="com.bradandmarsha.wisehomeindex.IndexServiceTest" time="0.001"/>
  <testcase name="publicScopeShowsOnlyPublicApps" classname="com.bradandmarsha.wisehomeindex.IndexServiceTest" time="0.001"/>
</testsuite>